0 info it worked if it ends with ok
1 verbose cli [ 'C:\\Program Files\\nodejs\\node.exe',
1 verbose cli   'C:\\Users\\Jan Sebastian\\AppData\\Roaming\\npm\\node_modules\\npm\\bin\\npm-cli.js',
1 verbose cli   'start' ]
2 info using npm@3.10.5
3 info using node@v6.11.0
4 verbose run-script [ 'prestart', 'start', 'poststart' ]
5 info lifecycle uas@1.0.0~prestart: uas@1.0.0
6 silly lifecycle uas@1.0.0~prestart: no script for prestart, continuing
7 info lifecycle uas@1.0.0~start: uas@1.0.0
8 verbose lifecycle uas@1.0.0~start: unsafe-perm in lifecycle true
9 verbose lifecycle uas@1.0.0~start: PATH: C:\Users\Jan Sebastian\AppData\Roaming\npm\node_modules\npm\bin\node-gyp-bin;D:\ian\web\mySQL_Nodejs\node_modules\.bin;C:\Program Files\nodejs;C:\ProgramData\Oracle\Java\javapath;C:\WINDOWS\system32;C:\WINDOWS;C:\WINDOWS\System32\Wbem;C:\WINDOWS\System32\WindowsPowerShell\v1.0\;C:\Program Files\Microsoft SQL Server\130\Tools\Binn\;C:\Program Files\Git\cmd;C:\Program Files (x86)\Windows Live\Shared;C:\Program Files\nodejs\;C:\Program Files\TortoiseGit\bin;C:\Program Files\Microsoft\Web Platform Installer\;C:\Program Files (x86)\Windows Kits\10\Windows Performance Toolkit\;C:\Program Files\dotnet\;C:\apache-ant-1.10.1\bin;C:\Python36;C:\Program Files\PuTTY\;D:\cocos2d-x-3.16\templates;D:\cocos2d-x-3.16\tools\cocos2d-console\bin;.bin;C:\Program Files (x86)\Microsoft VS Code\bin;C:\Users\Jan Sebastian\AppData\Local\.meteor\;C:\Users\Jan Sebastian\AppData\Local\Microsoft\WindowsApps;C:\Users\Jan Sebastian\AppData\Roaming\npm;C:\Python27;C:\Program Files\Heroku\bin;C:\Users\Jan Sebastian\AppData\Local\GitHubDesktop\bin;C:\Users\Jan Sebastian\AppData\Local\Microsoft\WindowsApps;C:\Python36;
10 verbose lifecycle uas@1.0.0~start: CWD: D:\ian\web\mySQL_Nodejs
11 silly lifecycle uas@1.0.0~start: Args: [ '/d /s /c', 'node server.js' ]
12 silly lifecycle uas@1.0.0~start: Returned: code: 3221225786  signal: null
13 info lifecycle uas@1.0.0~start: Failed to exec start script
14 verbose stack Error: uas@1.0.0 start: `node server.js`
14 verbose stack Exit status 3221225786
14 verbose stack     at EventEmitter.<anonymous> (C:\Users\Jan Sebastian\AppData\Roaming\npm\node_modules\npm\lib\utils\lifecycle.js:242:16)
14 verbose stack     at emitTwo (events.js:106:13)
14 verbose stack     at EventEmitter.emit (events.js:191:7)
14 verbose stack     at ChildProcess.<anonymous> (C:\Users\Jan Sebastian\AppData\Roaming\npm\node_modules\npm\lib\utils\spawn.js:40:14)
14 verbose stack     at emitTwo (events.js:106:13)
14 verbose stack     at ChildProcess.emit (events.js:191:7)
14 verbose stack     at maybeClose (internal/child_process.js:891:16)
14 verbose stack     at Process.ChildProcess._handle.onexit (internal/child_process.js:226:5)
15 verbose pkgid uas@1.0.0
16 verbose cwd D:\ian\web\mySQL_Nodejs
17 error Windows_NT 10.0.16299
18 error argv "C:\\Program Files\\nodejs\\node.exe" "C:\\Users\\Jan Sebastian\\AppData\\Roaming\\npm\\node_modules\\npm\\bin\\npm-cli.js" "start"
19 error node v6.11.0
20 error npm  v3.10.5
21 error code ELIFECYCLE
22 error uas@1.0.0 start: `node server.js`
22 error Exit status 3221225786
23 error Failed at the uas@1.0.0 start script 'node server.js'.
23 error Make sure you have the latest version of node.js and npm installed.
23 error If you do, this is most likely a problem with the uas package,
23 error not with npm itself.
23 error Tell the author that this fails on your system:
23 error     node server.js
23 error You can get information on how to open an issue for this project with:
23 error     npm bugs uas
23 error Or if that isn't available, you can get their info via:
23 error     npm owner ls uas
23 error There is likely additional logging output above.
24 verbose exit [ 1, true ]
